<?xml version="1.0" encoding="UTF-8"?>
<testsuite xmlns:xsi="http://www.w3.org/2001/XMLSchema-instance" xsi:noNamespaceSchemaLocation="https://maven.apache.org/surefire/maven-surefire-plugin/xsd/surefire-test-report.xsd" name="org.hassan.morsecodedecode.AllTests" time="0.012" tests="2" errors="0" skipped="0" failures="0">
  <properties>
[...]
</properties>
  <testcase name="testDecodeChar" classname="org.hassan.morsecodedecode.service.DecodeCharTest" time="0.004"/>
  <testcase name="testEncodeChar" classname="org.hassan.morsecodedecode.service.EncodeCharTest" time="0"/>
</testsuite>